Performing C SOURCE FILE Test HAVE_STRUCT_STAT_ST_MTIMESPEC failed with the following output:
Change Dir: /home/fab/.emacs.d/elpa/libgit-20200515.1759/build/CMakeFiles/CMakeTmp

Run Build Command(s):/usr/bin/gmake -f Makefile cmTC_f0a4a/fast && /usr/bin/gmake  -f CMakeFiles/cmTC_f0a4a.dir/build.make CMakeFiles/cmTC_f0a4a.dir/build
gmake[1] : on entre dans le répertoire « /home/fab/.emacs.d/elpa/libgit-20200515.1759/build/CMakeFiles/CMakeTmp »
Building C object CMakeFiles/cmTC_f0a4a.dir/src.c.o
/usr/bin/cc -DHAVE_STRUCT_STAT_ST_MTIMESPEC  -fPIE -o CMakeFiles/cmTC_f0a4a.dir/src.c.o -c /home/fab/.emacs.d/elpa/libgit-20200515.1759/build/CMakeFiles/CMakeTmp/src.c
/home/fab/.emacs.d/elpa/libgit-20200515.1759/build/CMakeFiles/CMakeTmp/src.c: Dans la fonction « main »:
/home/fab/.emacs.d/elpa/libgit-20200515.1759/build/CMakeFiles/CMakeTmp/src.c:7:34: erreur: « struct stat » n'a pas de membre nommé « st_mtimespec »
    7 |   (void)sizeof(((struct stat *)0)->st_mtimespec);
      |                                  ^~
gmake[1]: *** [CMakeFiles/cmTC_f0a4a.dir/build.make:78 : CMakeFiles/cmTC_f0a4a.dir/src.c.o] Erreur 1
gmake[1] : on quitte le répertoire « /home/fab/.emacs.d/elpa/libgit-20200515.1759/build/CMakeFiles/CMakeTmp »
gmake: *** [Makefile:127 : cmTC_f0a4a/fast] Erreur 2


Source file was:

#include <sys/types.h>
#include <sys/stat.h>

int main()
{
  (void)sizeof(((struct stat *)0)->st_mtimespec);
  return 0;
}

Performing C SOURCE FILE Test HAVE_STRUCT_STAT_MTIME_NSEC failed with the following output:
Change Dir: /home/fab/.emacs.d/elpa/libgit-20200515.1759/build/CMakeFiles/CMakeTmp

Run Build Command(s):/usr/bin/gmake -f Makefile cmTC_83b79/fast && /usr/bin/gmake  -f CMakeFiles/cmTC_83b79.dir/build.make CMakeFiles/cmTC_83b79.dir/build
gmake[1] : on entre dans le répertoire « /home/fab/.emacs.d/elpa/libgit-20200515.1759/build/CMakeFiles/CMakeTmp »
Building C object CMakeFiles/cmTC_83b79.dir/src.c.o
/usr/bin/cc -DHAVE_STRUCT_STAT_MTIME_NSEC  -fPIE -o CMakeFiles/cmTC_83b79.dir/src.c.o -c /home/fab/.emacs.d/elpa/libgit-20200515.1759/build/CMakeFiles/CMakeTmp/src.c
/home/fab/.emacs.d/elpa/libgit-20200515.1759/build/CMakeFiles/CMakeTmp/src.c: Dans la fonction « main »:
/home/fab/.emacs.d/elpa/libgit-20200515.1759/build/CMakeFiles/CMakeTmp/src.c:6:34: erreur: « struct stat » n'a pas de membre nommé « st_mtime_nsec »
    6 |   (void)sizeof(((struct stat *)0)->st_mtime_nsec);
      |                                  ^~
gmake[1]: *** [CMakeFiles/cmTC_83b79.dir/build.make:78 : CMakeFiles/cmTC_83b79.dir/src.c.o] Erreur 1
gmake[1] : on quitte le répertoire « /home/fab/.emacs.d/elpa/libgit-20200515.1759/build/CMakeFiles/CMakeTmp »
gmake: *** [Makefile:127 : cmTC_83b79/fast] Erreur 2


Source file was:

#include <sys/stat.h>

int main()
{
  (void)sizeof(((struct stat *)0)->st_mtime_nsec);
  return 0;
}

Performing C SOURCE FILE Test IS_WDOCUMENTATION_SUPPORTED failed with the following output:
Change Dir: /home/fab/.emacs.d/elpa/libgit-20200515.1759/build/CMakeFiles/CMakeTmp

Run Build Command(s):/usr/bin/gmake -f Makefile cmTC_b225b/fast && /usr/bin/gmake  -f CMakeFiles/cmTC_b225b.dir/build.make CMakeFiles/cmTC_b225b.dir/build
gmake[1]: Entering directory '/home/fab/.emacs.d/elpa/libgit-20200515.1759/build/CMakeFiles/CMakeTmp'
Building C object CMakeFiles/cmTC_b225b.dir/src.c.o
/usr/bin/cc -DIS_WDOCUMENTATION_SUPPORTED  -D_GNU_SOURCE  -Wall -Wextra  -fPIE   -Wdocumentation -o CMakeFiles/cmTC_b225b.dir/src.c.o -c /home/fab/.emacs.d/elpa/libgit-20200515.1759/build/CMakeFiles/CMakeTmp/src.c
cc: error: unrecognized command-line option '-Wdocumentation'
gmake[1]: *** [CMakeFiles/cmTC_b225b.dir/build.make:78: CMakeFiles/cmTC_b225b.dir/src.c.o] Error 1
gmake[1]: Leaving directory '/home/fab/.emacs.d/elpa/libgit-20200515.1759/build/CMakeFiles/CMakeTmp'
gmake: *** [Makefile:127: cmTC_b225b/fast] Error 2


Source file was:
int main(void) { return 0; }
Determining if the prototype qsort_r exists for HAVE_QSORT_R_BSD failed with the following output:
Change Dir: /home/fab/.emacs.d/elpa/libgit-20200515.1759/build/CMakeFiles/CMakeTmp

Run Build Command(s):/usr/bin/gmake -f Makefile cmTC_439c6/fast && /usr/bin/gmake  -f CMakeFiles/cmTC_439c6.dir/build.make CMakeFiles/cmTC_439c6.dir/build
gmake[1] : on entre dans le répertoire « /home/fab/.emacs.d/elpa/libgit-20200515.1759/build/CMakeFiles/CMakeTmp »
Building C object CMakeFiles/cmTC_439c6.dir/CheckPrototypeDefinition.c.o
/usr/bin/cc   -D_GNU_SOURCE  -Wall -Wextra -Wno-missing-field-initializers -Wstrict-aliasing -Wstrict-prototypes -Wdeclaration-after-statement -Wshift-count-overflow -Wunused-const-variable -Wunused-function -Wint-conversion -Wformat -Wformat-security  -fPIE -o CMakeFiles/cmTC_439c6.dir/CheckPrototypeDefinition.c.o -c /home/fab/.emacs.d/elpa/libgit-20200515.1759/build/CMakeFiles/CMakeTmp/CheckPrototypeDefinition.c
/home/fab/.emacs.d/elpa/libgit-20200515.1759/build/CMakeFiles/CMakeTmp/CheckPrototypeDefinition.c:14:6: erreur: types conflictuels pour « qsort_r » ; a « void(void *, size_t,  size_t,  void *, int (*)(void *, const void *, const void *)) » {alias « void(void *, long unsigned int,  long unsigned int,  void *, int (*)(void *, const void *, const void *)) »}
   14 | void qsort_r(void *base, size_t nmemb, size_t size, void *thunk, int (*compar)(void *, const void *, const void *)) {
      |      ^~~~~~~
Dans le fichier inclus depuis /home/fab/.emacs.d/elpa/libgit-20200515.1759/build/CMakeFiles/CMakeTmp/CheckPrototypeDefinition.c:1:
/usr/include/stdlib.h:839:13: note: la déclaration précédente de « qsort_r » avec le type « void(void *, size_t,  size_t,  int (*)(const void *, const void *, void *), void *) » {alias « void(void *, long unsigned int,  long unsigned int,  int (*)(const void *, const void *, void *), void *) »}
  839 | extern void qsort_r (void *__base, size_t __nmemb, size_t __size,
      |             ^~~~~~~
/home/fab/.emacs.d/elpa/libgit-20200515.1759/build/CMakeFiles/CMakeTmp/CheckPrototypeDefinition.c: Dans la fonction « qsort_r »:
/home/fab/.emacs.d/elpa/libgit-20200515.1759/build/CMakeFiles/CMakeTmp/CheckPrototypeDefinition.c:14:20: attention: paramètre « base » inutilisé [-Wunused-parameter]
   14 | void qsort_r(void *base, size_t nmemb, size_t size, void *thunk, int (*compar)(void *, const void *, const void *)) {
      |              ~~~~~~^~~~
/home/fab/.emacs.d/elpa/libgit-20200515.1759/build/CMakeFiles/CMakeTmp/CheckPrototypeDefinition.c:14:33: attention: paramètre « nmemb » inutilisé [-Wunused-parameter]
   14 | void qsort_r(void *base, size_t nmemb, size_t size, void *thunk, int (*compar)(void *, const void *, const void *)) {
      |                          ~~~~~~~^~~~~
/home/fab/.emacs.d/elpa/libgit-20200515.1759/build/CMakeFiles/CMakeTmp/CheckPrototypeDefinition.c:14:47: attention: paramètre « size » inutilisé [-Wunused-parameter]
   14 | void qsort_r(void *base, size_t nmemb, size_t size, void *thunk, int (*compar)(void *, const void *, const void *)) {
      |                                        ~~~~~~~^~~~
/home/fab/.emacs.d/elpa/libgit-20200515.1759/build/CMakeFiles/CMakeTmp/CheckPrototypeDefinition.c:14:59: attention: paramètre « thunk » inutilisé [-Wunused-parameter]
   14 | void qsort_r(void *base, size_t nmemb, size_t size, void *thunk, int (*compar)(void *, const void *, const void *)) {
      |                                                     ~~~~~~^~~~~
/home/fab/.emacs.d/elpa/libgit-20200515.1759/build/CMakeFiles/CMakeTmp/CheckPrototypeDefinition.c:14:72: attention: paramètre « compar » inutilisé [-Wunused-parameter]
   14 | void qsort_r(void *base, size_t nmemb, size_t size, void *thunk, int (*compar)(void *, const void *, const void *)) {
      |                                                                  ~~~~~~^~~~~~~~~~~~~~~~~~~~~~~~~~~~~~~~~~~~~~~~~~~
gmake[1]: *** [CMakeFiles/cmTC_439c6.dir/build.make:78 : CMakeFiles/cmTC_439c6.dir/CheckPrototypeDefinition.c.o] Erreur 1
gmake[1] : on quitte le répertoire « /home/fab/.emacs.d/elpa/libgit-20200515.1759/build/CMakeFiles/CMakeTmp »
gmake: *** [Makefile:127 : cmTC_439c6/fast] Erreur 2



#include <stdlib.h>


static void cmakeRequireSymbol(int dummy, ...) {
  (void) dummy;
}

static void checkSymbol(void) {
#ifndef qsort_r
  cmakeRequireSymbol(0, &qsort_r);
#endif
}

void qsort_r(void *base, size_t nmemb, size_t size, void *thunk, int (*compar)(void *, const void *, const void *)) {
  return ;
}

#ifdef __CLASSIC_C__
int main() {
  int ac;
  char*av[];
#else
int main(int ac, char *av[]) {
#endif
  checkSymbol();
  if (ac > 1000) {
    return *av[0];
  }
  return 0;
}


Determining if the function qsort_s exists failed with the following output:
Change Dir: /home/fab/.emacs.d/elpa/libgit-20200515.1759/build/CMakeFiles/CMakeTmp

Run Build Command(s):/usr/bin/gmake -f Makefile cmTC_a9521/fast && /usr/bin/gmake  -f CMakeFiles/cmTC_a9521.dir/build.make CMakeFiles/cmTC_a9521.dir/build
gmake[1] : on entre dans le répertoire « /home/fab/.emacs.d/elpa/libgit-20200515.1759/build/CMakeFiles/CMakeTmp »
Building C object CMakeFiles/cmTC_a9521.dir/CheckFunctionExists.c.o
/usr/bin/cc   -D_GNU_SOURCE  -Wall -Wextra -Wno-missing-field-initializers -Wstrict-aliasing -Wstrict-prototypes -Wdeclaration-after-statement -Wshift-count-overflow -Wunused-const-variable -Wunused-function -Wint-conversion -Wformat -Wformat-security -DCHECK_FUNCTION_EXISTS=qsort_s -fPIE -o CMakeFiles/cmTC_a9521.dir/CheckFunctionExists.c.o -c /usr/share/cmake/Modules/CheckFunctionExists.c
Linking C executable cmTC_a9521
/usr/bin/cmake -E cmake_link_script CMakeFiles/cmTC_a9521.dir/link.txt --verbose=1
/usr/bin/cc -D_GNU_SOURCE  -Wall -Wextra -Wno-missing-field-initializers -Wstrict-aliasing -Wstrict-prototypes -Wdeclaration-after-statement -Wshift-count-overflow -Wunused-const-variable -Wunused-function -Wint-conversion -Wformat -Wformat-security -DCHECK_FUNCTION_EXISTS=qsort_s CMakeFiles/cmTC_a9521.dir/CheckFunctionExists.c.o -o cmTC_a9521 
/usr/lib/gcc/x86_64-pc-linux-gnu/11.2.0/../../../../x86_64-pc-linux-gnu/bin/ld : CMakeFiles/cmTC_a9521.dir/CheckFunctionExists.c.o : dans la fonction « main » :
CheckFunctionExists.c:(.text+0x10) : référence indéfinie vers « qsort_s »
collect2: erreur: ld a retourné le statut de sortie 1
gmake[1]: *** [CMakeFiles/cmTC_a9521.dir/build.make:99 : cmTC_a9521] Erreur 1
gmake[1] : on quitte le répertoire « /home/fab/.emacs.d/elpa/libgit-20200515.1759/build/CMakeFiles/CMakeTmp »
gmake: *** [Makefile:127 : cmTC_a9521/fast] Erreur 2



Determining if the regcomp_l exist failed with the following output:
Change Dir: /home/fab/.emacs.d/elpa/libgit-20200515.1759/build/CMakeFiles/CMakeTmp

Run Build Command(s):/usr/bin/gmake -f Makefile cmTC_d0fb2/fast && /usr/bin/gmake  -f CMakeFiles/cmTC_d0fb2.dir/build.make CMakeFiles/cmTC_d0fb2.dir/build
gmake[1] : on entre dans le répertoire « /home/fab/.emacs.d/elpa/libgit-20200515.1759/build/CMakeFiles/CMakeTmp »
Building C object CMakeFiles/cmTC_d0fb2.dir/CheckSymbolExists.c.o
/usr/bin/cc   -D_GNU_SOURCE  -Wall -Wextra -Wno-missing-field-initializers -Wstrict-aliasing -Wstrict-prototypes -Wdeclaration-after-statement -Wshift-count-overflow -Wunused-const-variable -Wunused-function -Wint-conversion -Wformat -Wformat-security  -fPIE -o CMakeFiles/cmTC_d0fb2.dir/CheckSymbolExists.c.o -c /home/fab/.emacs.d/elpa/libgit-20200515.1759/build/CMakeFiles/CMakeTmp/CheckSymbolExists.c
/home/fab/.emacs.d/elpa/libgit-20200515.1759/build/CMakeFiles/CMakeTmp/CheckSymbolExists.c:3:10: erreur fatale: xlocale.h : Aucun fichier ou dossier de ce type
    3 | #include <xlocale.h>
      |          ^~~~~~~~~~~
compilation terminée.
gmake[1]: *** [CMakeFiles/cmTC_d0fb2.dir/build.make:78 : CMakeFiles/cmTC_d0fb2.dir/CheckSymbolExists.c.o] Erreur 1
gmake[1] : on quitte le répertoire « /home/fab/.emacs.d/elpa/libgit-20200515.1759/build/CMakeFiles/CMakeTmp »
gmake: *** [Makefile:127 : cmTC_d0fb2/fast] Erreur 2


File /home/fab/.emacs.d/elpa/libgit-20200515.1759/build/CMakeFiles/CMakeTmp/CheckSymbolExists.c:
/* */
#include <regex.h>
#include <xlocale.h>

int main(int argc, char** argv)
{
  (void)argv;
#ifndef regcomp_l
  return ((int*)(&regcomp_l))[argc];
#else
  (void)argc;
  return 0;
#endif
}
Determining if the prototype qsort_r exists for HAVE_QSORT_R_BSD failed with the following output:
Change Dir: /home/fab/.emacs.d/elpa/libgit-20200515.1759/build/CMakeFiles/CMakeTmp

Run Build Command(s):/usr/bin/gmake -f Makefile cmTC_35055/fast && /usr/bin/gmake  -f CMakeFiles/cmTC_35055.dir/build.make CMakeFiles/cmTC_35055.dir/build
gmake[1] : on entre dans le répertoire « /home/fab/.emacs.d/elpa/libgit-20200515.1759/build/CMakeFiles/CMakeTmp »
Building C object CMakeFiles/cmTC_35055.dir/CheckPrototypeDefinition.c.o
/usr/bin/cc   -D_GNU_SOURCE  -Wall -Wextra -Wno-missing-field-initializers -Wstrict-aliasing -Wstrict-prototypes -Wdeclaration-after-statement -Wshift-count-overflow -Wunused-const-variable -Wunused-function -Wint-conversion -Wformat -Wformat-security  -fPIE -o CMakeFiles/cmTC_35055.dir/CheckPrototypeDefinition.c.o -c /home/fab/.emacs.d/elpa/libgit-20200515.1759/build/CMakeFiles/CMakeTmp/CheckPrototypeDefinition.c
/home/fab/.emacs.d/elpa/libgit-20200515.1759/build/CMakeFiles/CMakeTmp/CheckPrototypeDefinition.c:14:6: erreur: types conflictuels pour « qsort_r » ; a « void(void *, size_t,  size_t,  void *, int (*)(void *, const void *, const void *)) » {alias « void(void *, long unsigned int,  long unsigned int,  void *, int (*)(void *, const void *, const void *)) »}
   14 | void qsort_r(void *base, size_t nmemb, size_t size, void *thunk, int (*compar)(void *, const void *, const void *)) {
      |      ^~~~~~~
Dans le fichier inclus depuis /home/fab/.emacs.d/elpa/libgit-20200515.1759/build/CMakeFiles/CMakeTmp/CheckPrototypeDefinition.c:1:
/usr/include/stdlib.h:839:13: note: la déclaration précédente de « qsort_r » avec le type « void(void *, size_t,  size_t,  int (*)(const void *, const void *, void *), void *) » {alias « void(void *, long unsigned int,  long unsigned int,  int (*)(const void *, const void *, void *), void *) »}
  839 | extern void qsort_r (void *__base, size_t __nmemb, size_t __size,
      |             ^~~~~~~
/home/fab/.emacs.d/elpa/libgit-20200515.1759/build/CMakeFiles/CMakeTmp/CheckPrototypeDefinition.c: Dans la fonction « qsort_r »:
/home/fab/.emacs.d/elpa/libgit-20200515.1759/build/CMakeFiles/CMakeTmp/CheckPrototypeDefinition.c:14:20: attention: paramètre « base » inutilisé [-Wunused-parameter]
   14 | void qsort_r(void *base, size_t nmemb, size_t size, void *thunk, int (*compar)(void *, const void *, const void *)) {
      |              ~~~~~~^~~~
/home/fab/.emacs.d/elpa/libgit-20200515.1759/build/CMakeFiles/CMakeTmp/CheckPrototypeDefinition.c:14:33: attention: paramètre « nmemb » inutilisé [-Wunused-parameter]
   14 | void qsort_r(void *base, size_t nmemb, size_t size, void *thunk, int (*compar)(void *, const void *, const void *)) {
      |                          ~~~~~~~^~~~~
/home/fab/.emacs.d/elpa/libgit-20200515.1759/build/CMakeFiles/CMakeTmp/CheckPrototypeDefinition.c:14:47: attention: paramètre « size » inutilisé [-Wunused-parameter]
   14 | void qsort_r(void *base, size_t nmemb, size_t size, void *thunk, int (*compar)(void *, const void *, const void *)) {
      |                                        ~~~~~~~^~~~
/home/fab/.emacs.d/elpa/libgit-20200515.1759/build/CMakeFiles/CMakeTmp/CheckPrototypeDefinition.c:14:59: attention: paramètre « thunk » inutilisé [-Wunused-parameter]
   14 | void qsort_r(void *base, size_t nmemb, size_t size, void *thunk, int (*compar)(void *, const void *, const void *)) {
      |                                                     ~~~~~~^~~~~
/home/fab/.emacs.d/elpa/libgit-20200515.1759/build/CMakeFiles/CMakeTmp/CheckPrototypeDefinition.c:14:72: attention: paramètre « compar » inutilisé [-Wunused-parameter]
   14 | void qsort_r(void *base, size_t nmemb, size_t size, void *thunk, int (*compar)(void *, const void *, const void *)) {
      |                                                                  ~~~~~~^~~~~~~~~~~~~~~~~~~~~~~~~~~~~~~~~~~~~~~~~~~
gmake[1]: *** [CMakeFiles/cmTC_35055.dir/build.make:78 : CMakeFiles/cmTC_35055.dir/CheckPrototypeDefinition.c.o] Erreur 1
gmake[1] : on quitte le répertoire « /home/fab/.emacs.d/elpa/libgit-20200515.1759/build/CMakeFiles/CMakeTmp »
gmake: *** [Makefile:127 : cmTC_35055/fast] Erreur 2



#include <stdlib.h>


static void cmakeRequireSymbol(int dummy, ...) {
  (void) dummy;
}

static void checkSymbol(void) {
#ifndef qsort_r
  cmakeRequireSymbol(0, &qsort_r);
#endif
}

void qsort_r(void *base, size_t nmemb, size_t size, void *thunk, int (*compar)(void *, const void *, const void *)) {
  return ;
}

#ifdef __CLASSIC_C__
int main() {
  int ac;
  char*av[];
#else
int main(int ac, char *av[]) {
#endif
  checkSymbol();
  if (ac > 1000) {
    return *av[0];
  }
  return 0;
}


Determining if the prototype qsort_r exists for HAVE_QSORT_R_BSD failed with the following output:
Change Dir: /home/fab/.emacs.d/elpa/libgit-20200515.1759/build/CMakeFiles/CMakeTmp

Run Build Command(s):/usr/bin/gmake -f Makefile cmTC_0699a/fast && /usr/bin/gmake  -f CMakeFiles/cmTC_0699a.dir/build.make CMakeFiles/cmTC_0699a.dir/build
gmake[1] : on entre dans le répertoire « /home/fab/.emacs.d/elpa/libgit-20200515.1759/build/CMakeFiles/CMakeTmp »
Building C object CMakeFiles/cmTC_0699a.dir/CheckPrototypeDefinition.c.o
/usr/bin/cc   -D_GNU_SOURCE  -Wall -Wextra -Wno-missing-field-initializers -Wstrict-aliasing -Wstrict-prototypes -Wdeclaration-after-statement -Wshift-count-overflow -Wunused-const-variable -Wunused-function -Wint-conversion -Wformat -Wformat-security  -fPIE -o CMakeFiles/cmTC_0699a.dir/CheckPrototypeDefinition.c.o -c /home/fab/.emacs.d/elpa/libgit-20200515.1759/build/CMakeFiles/CMakeTmp/CheckPrototypeDefinition.c
/home/fab/.emacs.d/elpa/libgit-20200515.1759/build/CMakeFiles/CMakeTmp/CheckPrototypeDefinition.c:14:6: erreur: types conflictuels pour « qsort_r » ; a « void(void *, size_t,  size_t,  void *, int (*)(void *, const void *, const void *)) » {alias « void(void *, long unsigned int,  long unsigned int,  void *, int (*)(void *, const void *, const void *)) »}
   14 | void qsort_r(void *base, size_t nmemb, size_t size, void *thunk, int (*compar)(void *, const void *, const void *)) {
      |      ^~~~~~~
Dans le fichier inclus depuis /home/fab/.emacs.d/elpa/libgit-20200515.1759/build/CMakeFiles/CMakeTmp/CheckPrototypeDefinition.c:1:
/usr/include/stdlib.h:839:13: note: la déclaration précédente de « qsort_r » avec le type « void(void *, size_t,  size_t,  int (*)(const void *, const void *, void *), void *) » {alias « void(void *, long unsigned int,  long unsigned int,  int (*)(const void *, const void *, void *), void *) »}
  839 | extern void qsort_r (void *__base, size_t __nmemb, size_t __size,
      |             ^~~~~~~
/home/fab/.emacs.d/elpa/libgit-20200515.1759/build/CMakeFiles/CMakeTmp/CheckPrototypeDefinition.c: Dans la fonction « qsort_r »:
/home/fab/.emacs.d/elpa/libgit-20200515.1759/build/CMakeFiles/CMakeTmp/CheckPrototypeDefinition.c:14:20: attention: paramètre « base » inutilisé [-Wunused-parameter]
   14 | void qsort_r(void *base, size_t nmemb, size_t size, void *thunk, int (*compar)(void *, const void *, const void *)) {
      |              ~~~~~~^~~~
/home/fab/.emacs.d/elpa/libgit-20200515.1759/build/CMakeFiles/CMakeTmp/CheckPrototypeDefinition.c:14:33: attention: paramètre « nmemb » inutilisé [-Wunused-parameter]
   14 | void qsort_r(void *base, size_t nmemb, size_t size, void *thunk, int (*compar)(void *, const void *, const void *)) {
      |                          ~~~~~~~^~~~~
/home/fab/.emacs.d/elpa/libgit-20200515.1759/build/CMakeFiles/CMakeTmp/CheckPrototypeDefinition.c:14:47: attention: paramètre « size » inutilisé [-Wunused-parameter]
   14 | void qsort_r(void *base, size_t nmemb, size_t size, void *thunk, int (*compar)(void *, const void *, const void *)) {
      |                                        ~~~~~~~^~~~
/home/fab/.emacs.d/elpa/libgit-20200515.1759/build/CMakeFiles/CMakeTmp/CheckPrototypeDefinition.c:14:59: attention: paramètre « thunk » inutilisé [-Wunused-parameter]
   14 | void qsort_r(void *base, size_t nmemb, size_t size, void *thunk, int (*compar)(void *, const void *, const void *)) {
      |                                                     ~~~~~~^~~~~
/home/fab/.emacs.d/elpa/libgit-20200515.1759/build/CMakeFiles/CMakeTmp/CheckPrototypeDefinition.c:14:72: attention: paramètre « compar » inutilisé [-Wunused-parameter]
   14 | void qsort_r(void *base, size_t nmemb, size_t size, void *thunk, int (*compar)(void *, const void *, const void *)) {
      |                                                                  ~~~~~~^~~~~~~~~~~~~~~~~~~~~~~~~~~~~~~~~~~~~~~~~~~
gmake[1]: *** [CMakeFiles/cmTC_0699a.dir/build.make:78 : CMakeFiles/cmTC_0699a.dir/CheckPrototypeDefinition.c.o] Erreur 1
gmake[1] : on quitte le répertoire « /home/fab/.emacs.d/elpa/libgit-20200515.1759/build/CMakeFiles/CMakeTmp »
gmake: *** [Makefile:127 : cmTC_0699a/fast] Erreur 2



#include <stdlib.h>


static void cmakeRequireSymbol(int dummy, ...) {
  (void) dummy;
}

static void checkSymbol(void) {
#ifndef qsort_r
  cmakeRequireSymbol(0, &qsort_r);
#endif
}

void qsort_r(void *base, size_t nmemb, size_t size, void *thunk, int (*compar)(void *, const void *, const void *)) {
  return ;
}

#ifdef __CLASSIC_C__
int main() {
  int ac;
  char*av[];
#else
int main(int ac, char *av[]) {
#endif
  checkSymbol();
  if (ac > 1000) {
    return *av[0];
  }
  return 0;
}


